2026-04-27 19:08:33,601 [INFO] Database backup created: portfolio_history.db.sync_bak_20260427_190833
2026-04-27 19:08:33,601 [INFO] Starting sync for 1 JP stocks.
2026-04-27 19:08:33,601 [INFO] [1/1] Processing 1605 (Unknown)
2026-04-27 19:08:33,602 [INFO] Syncing 1605: DB latest date is 2026-04-24
2026-04-27 19:08:33,602 [INFO]   Fetching page 1 for 1605...
2026-04-27 19:08:33,931 [ERROR] Unexpected error syncing 1605: 'date'
2026-04-27 19:08:33,931 [INFO] Sync completed. Processed 0 stocks.
2026-04-27 19:10:26,395 [INFO] Database backup created: portfolio_history.db.sync_bak_20260427_191026
2026-04-27 19:10:26,395 [INFO] Starting sync for 1 JP stocks.
2026-04-27 19:10:26,395 [INFO] [1/1] Processing 1605 (Unknown)
2026-04-27 19:10:26,395 [INFO] Syncing 1605: DB latest date is 2026-04-24
2026-04-27 19:10:26,395 [INFO]   Fetching page 1 for 1605...
2026-04-27 19:10:29,619 [INFO]   Fetching page 2 for 1605...
2026-04-27 19:10:30,036 [INFO]   Reached already synced data for 1605. Stopping.
2026-04-27 19:10:30,044 [INFO] Saved 1 records for 1605
2026-04-27 19:10:30,044 [INFO] Sync completed. Processed 1 stocks.
2026-04-27 19:17:11,957 [INFO] Database backup created: portfolio_history.db.sync_bak_20260427_191711
2026-04-27 19:17:11,957 [INFO] Starting sync for 107 JP stocks.
2026-04-27 19:17:11,957 [INFO] [1/107] Processing 1605 (Unknown)
2026-04-27 19:17:11,957 [INFO] Syncing 1605: DB latest date is 2026-04-27
2026-04-27 19:17:11,957 [INFO]   Fetching page 1 for 1605...
2026-04-27 19:17:14,940 [INFO]   Fetching page 2 for 1605...
2026-04-27 19:17:15,173 [INFO]   Reached already synced data for 1605. Stopping.
2026-04-27 19:17:21,781 [INFO] [2/107] Processing 1662 (Unknown)
2026-04-27 19:17:21,783 [INFO] Syncing 1662: DB latest date is 2026-04-24
2026-04-27 19:17:21,783 [INFO]   Fetching page 1 for 1662...
2026-04-27 19:17:24,316 [INFO]   Fetching page 2 for 1662...
2026-04-27 19:17:24,517 [INFO]   Reached already synced data for 1662. Stopping.
2026-04-27 19:17:24,519 [INFO] Saved 1 records for 1662
2026-04-27 19:17:29,936 [INFO] [3/107] Processing 1802 (Unknown)
2026-04-27 19:17:29,938 [INFO] Syncing 1802: DB latest date is 2026-04-24
2026-04-27 19:17:29,938 [INFO]   Fetching page 1 for 1802...
2026-04-27 19:17:32,695 [INFO]   Fetching page 2 for 1802...
2026-04-27 19:17:32,915 [INFO]   Reached already synced data for 1802. Stopping.
2026-04-27 19:17:32,917 [INFO] Saved 1 records for 1802
2026-04-27 19:17:40,718 [INFO] [4/107] Processing 1926 (Unknown)
2026-04-27 19:17:40,720 [INFO] Syncing 1926: DB latest date is 2026-04-24
2026-04-27 19:17:40,720 [INFO]   Fetching page 1 for 1926...
2026-04-27 19:17:44,236 [INFO]   Fetching page 2 for 1926...
2026-04-27 19:17:44,583 [INFO]   Reached already synced data for 1926. Stopping.
2026-04-27 19:17:44,585 [INFO] Saved 1 records for 1926
2026-04-27 19:17:52,270 [INFO] [5/107] Processing 1928 (Unknown)
2026-04-27 19:17:52,273 [INFO] Syncing 1928: DB latest date is 2026-04-24
2026-04-27 19:17:52,274 [INFO]   Fetching page 1 for 1928...
2026-04-27 19:17:55,663 [INFO]   Fetching page 2 for 1928...
2026-04-27 19:17:56,157 [INFO]   Reached already synced data for 1928. Stopping.
2026-04-27 19:17:56,159 [INFO] Saved 1 records for 1928
2026-04-27 19:18:03,053 [INFO] [6/107] Processing 1942 (Unknown)
2026-04-27 19:18:03,054 [INFO] Syncing 1942: DB latest date is 2026-04-24
2026-04-27 19:18:03,054 [INFO]   Fetching page 1 for 1942...
2026-04-27 19:18:06,239 [INFO]   Fetching page 2 for 1942...
2026-04-27 19:18:06,518 [INFO]   Reached already synced data for 1942. Stopping.
2026-04-27 19:18:06,520 [INFO] Saved 1 records for 1942
2026-04-27 19:18:12,081 [INFO] [7/107] Processing 2124 (Unknown)
2026-04-27 19:18:12,082 [INFO] Syncing 2124: DB latest date is 2026-04-24
2026-04-27 19:18:12,082 [INFO]   Fetching page 1 for 2124...
2026-04-27 19:18:15,144 [INFO]   Fetching page 2 for 2124...
2026-04-27 19:18:15,584 [INFO]   Reached already synced data for 2124. Stopping.
2026-04-27 19:18:15,586 [INFO] Saved 1 records for 2124
2026-04-27 19:18:21,224 [INFO] [8/107] Processing 2146 (Unknown)
2026-04-27 19:18:21,225 [INFO] Syncing 2146: DB latest date is 2026-04-24
2026-04-27 19:18:21,225 [INFO]   Fetching page 1 for 2146...
2026-04-27 19:18:23,825 [INFO]   Fetching page 2 for 2146...
2026-04-27 19:18:24,076 [INFO]   Reached already synced data for 2146. Stopping.
2026-04-27 19:18:24,079 [INFO] Saved 1 records for 2146
2026-04-27 19:18:31,434 [INFO] [9/107] Processing 2267 (Unknown)
2026-04-27 19:18:31,436 [INFO] Syncing 2267: DB latest date is 2026-04-24
2026-04-27 19:18:31,436 [INFO]   Fetching page 1 for 2267...
2026-04-27 19:18:34,199 [INFO]   Fetching page 2 for 2267...
2026-04-27 19:18:34,430 [INFO]   Reached already synced data for 2267. Stopping.
2026-04-27 19:18:34,433 [INFO] Saved 1 records for 2267
2026-04-27 19:18:40,160 [INFO] [10/107] Processing 2317 (Unknown)
2026-04-27 19:18:40,162 [INFO] Syncing 2317: DB latest date is 2026-04-24
2026-04-27 19:18:40,162 [INFO]   Fetching page 1 for 2317...
2026-04-27 19:18:42,907 [INFO]   Fetching page 2 for 2317...
2026-04-27 19:18:43,259 [INFO]   Reached already synced data for 2317. Stopping.
2026-04-27 19:18:43,262 [INFO] Saved 1 records for 2317
2026-04-27 19:18:43,262 [INFO] Taking a deep breath (60s wait)...
2026-04-27 19:19:43,255 [INFO] [11/107] Processing 2503 (Unknown)
2026-04-27 19:19:43,257 [INFO] Syncing 2503: DB latest date is 2026-04-24
2026-04-27 19:19:43,257 [INFO]   Fetching page 1 for 2503...
2026-04-27 19:19:46,381 [INFO]   Fetching page 2 for 2503...
2026-04-27 19:19:46,562 [INFO]   Reached already synced data for 2503. Stopping.
2026-04-27 19:19:46,564 [INFO] Saved 1 records for 2503
2026-04-27 19:19:51,897 [INFO] [12/107] Processing 2802 (Unknown)
2026-04-27 19:19:51,897 [INFO] Syncing 2802: DB latest date is 2026-04-24
2026-04-27 19:19:51,898 [INFO]   Fetching page 1 for 2802...
2026-04-27 19:19:55,305 [INFO]   Fetching page 2 for 2802...
2026-04-27 19:19:55,674 [INFO]   Reached already synced data for 2802. Stopping.
2026-04-27 19:19:55,677 [INFO] Saved 1 records for 2802
2026-04-27 19:20:03,323 [INFO] [13/107] Processing 285A (Unknown)
2026-04-27 19:20:03,325 [INFO] Syncing 285A: DB latest date is 2026-04-24
2026-04-27 19:20:03,325 [INFO]   Fetching page 1 for 285A...
2026-04-27 19:20:06,676 [INFO]   Fetching page 2 for 285A...
2026-04-27 19:20:06,897 [INFO]   Reached already synced data for 285A. Stopping.
2026-04-27 19:20:06,899 [INFO] Saved 1 records for 285A
2026-04-27 19:20:12,719 [INFO] [14/107] Processing 2914 (Unknown)
2026-04-27 19:20:12,720 [INFO] Syncing 2914: DB latest date is 2026-04-24
2026-04-27 19:20:12,721 [INFO]   Fetching page 1 for 2914...
2026-04-27 19:20:16,201 [INFO]   Fetching page 2 for 2914...
2026-04-27 19:20:16,474 [INFO]   Reached already synced data for 2914. Stopping.
2026-04-27 19:20:16,478 [INFO] Saved 1 records for 2914
2026-04-27 19:20:24,095 [INFO] [15/107] Processing 3393 (Unknown)
2026-04-27 19:20:24,096 [INFO] Syncing 3393: DB latest date is 2026-04-24
2026-04-27 19:20:24,096 [INFO]   Fetching page 1 for 3393...
2026-04-27 19:20:27,323 [INFO]   Fetching page 2 for 3393...
2026-04-27 19:20:27,576 [INFO]   Reached already synced data for 3393. Stopping.
2026-04-27 19:20:27,578 [INFO] Saved 1 records for 3393
2026-04-27 19:20:35,504 [INFO] [16/107] Processing 3632 (Unknown)
2026-04-27 19:20:35,505 [INFO] Syncing 3632: DB latest date is 2026-04-24
2026-04-27 19:20:35,505 [INFO]   Fetching page 1 for 3632...
2026-04-27 19:20:38,679 [INFO]   Fetching page 2 for 3632...
2026-04-27 19:20:39,045 [INFO]   Reached already synced data for 3632. Stopping.
2026-04-27 19:20:39,047 [INFO] Saved 1 records for 3632
2026-04-27 19:20:46,457 [INFO] [17/107] Processing 3668 (Unknown)
2026-04-27 19:20:46,458 [INFO] Syncing 3668: DB latest date is 2026-04-26
2026-04-27 19:20:46,458 [INFO]   Fetching page 1 for 3668...
2026-04-27 19:20:49,932 [INFO]   Fetching page 2 for 3668...
2026-04-27 19:20:50,156 [INFO]   Reached already synced data for 3668. Stopping.
2026-04-27 19:20:50,159 [INFO] Saved 1 records for 3668
2026-04-27 19:20:57,133 [INFO] [18/107] Processing 4005 (Unknown)
2026-04-27 19:20:57,133 [INFO] Syncing 4005: DB latest date is 2026-04-24
2026-04-27 19:20:57,133 [INFO]   Fetching page 1 for 4005...
2026-04-27 19:21:00,800 [INFO]   Fetching page 2 for 4005...
2026-04-27 19:21:01,019 [INFO]   Reached already synced data for 4005. Stopping.
2026-04-27 19:21:01,023 [INFO] Saved 1 records for 4005
2026-04-27 19:21:08,195 [INFO] [19/107] Processing 4063 (Unknown)
2026-04-27 19:21:08,197 [INFO] Syncing 4063: DB latest date is 2026-04-24
2026-04-27 19:21:08,197 [INFO]   Fetching page 1 for 4063...
2026-04-27 19:21:10,735 [INFO]   Fetching page 2 for 4063...
2026-04-27 19:21:11,099 [INFO]   Reached already synced data for 4063. Stopping.
2026-04-27 19:21:11,102 [INFO] Saved 1 records for 4063
2026-04-27 19:21:16,212 [INFO] [20/107] Processing 4182 (Unknown)
2026-04-27 19:21:16,214 [INFO] Syncing 4182: DB latest date is 2026-04-24
2026-04-27 19:21:16,214 [INFO]   Fetching page 1 for 4182...
2026-04-27 19:21:19,067 [INFO]   Fetching page 2 for 4182...
2026-04-27 19:21:19,389 [INFO]   Reached already synced data for 4182. Stopping.
2026-04-27 19:21:19,390 [INFO] Saved 1 records for 4182
2026-04-27 19:21:19,390 [INFO] Taking a deep breath (60s wait)...
2026-04-27 19:22:19,393 [INFO] [21/107] Processing 4307 (Unknown)
2026-04-27 19:22:19,394 [INFO] Syncing 4307: DB latest date is 2026-04-24
2026-04-27 19:22:19,394 [INFO]   Fetching page 1 for 4307...
2026-04-27 19:22:22,179 [INFO]   Fetching page 2 for 4307...
2026-04-27 19:22:22,379 [INFO]   Reached already synced data for 4307. Stopping.
2026-04-27 19:22:22,382 [INFO] Saved 1 records for 4307
2026-04-27 19:22:28,547 [INFO] [22/107] Processing 4452 (Unknown)
2026-04-27 19:22:28,548 [INFO] Syncing 4452: DB latest date is 2026-04-24
2026-04-27 19:22:28,549 [INFO]   Fetching page 1 for 4452...
2026-04-27 19:22:31,512 [INFO]   Fetching page 2 for 4452...
2026-04-27 19:22:31,721 [INFO]   Reached already synced data for 4452. Stopping.
2026-04-27 19:22:31,723 [INFO] Saved 1 records for 4452
2026-04-27 19:22:37,395 [INFO] [23/107] Processing 4480 (Unknown)
2026-04-27 19:22:37,396 [INFO] Syncing 4480: DB latest date is 2026-04-24
2026-04-27 19:22:37,396 [INFO]   Fetching page 1 for 4480...
2026-04-27 19:22:40,828 [INFO]   Fetching page 2 for 4480...
2026-04-27 19:22:41,038 [INFO]   Reached already synced data for 4480. Stopping.
2026-04-27 19:22:41,041 [INFO] Saved 1 records for 4480
2026-04-27 19:22:46,489 [INFO] [24/107] Processing 4502 (Unknown)
2026-04-27 19:22:46,490 [INFO] Syncing 4502: DB latest date is 2026-04-24
2026-04-27 19:22:46,490 [INFO]   Fetching page 1 for 4502...
2026-04-27 19:22:48,775 [INFO]   Fetching page 2 for 4502...
2026-04-27 19:22:48,989 [INFO]   Reached already synced data for 4502. Stopping.
2026-04-27 19:22:48,991 [INFO] Saved 1 records for 4502
2026-04-27 19:22:55,863 [INFO] [25/107] Processing 4503 (Unknown)
2026-04-27 19:22:55,864 [INFO] Syncing 4503: DB latest date is 2026-04-24
2026-04-27 19:22:55,864 [INFO]   Fetching page 1 for 4503...
2026-04-27 19:22:59,538 [INFO]   Fetching page 2 for 4503...
2026-04-27 19:22:59,781 [INFO]   Reached already synced data for 4503. Stopping.
2026-04-27 19:22:59,783 [INFO] Saved 1 records for 4503
2026-04-27 19:23:07,551 [INFO] [26/107] Processing 4519 (Unknown)
2026-04-27 19:23:07,553 [INFO] Syncing 4519: DB latest date is 2026-04-24
2026-04-27 19:23:07,553 [INFO]   Fetching page 1 for 4519...
2026-04-27 19:23:10,599 [INFO]   Fetching page 2 for 4519...
2026-04-27 19:23:10,828 [INFO]   Reached already synced data for 4519. Stopping.
2026-04-27 19:23:10,830 [INFO] Saved 1 records for 4519
2026-04-27 19:23:17,964 [INFO] [27/107] Processing 4568 (Unknown)
2026-04-27 19:23:17,966 [INFO] Syncing 4568: DB latest date is 2026-04-24
2026-04-27 19:23:17,966 [INFO]   Fetching page 1 for 4568...
2026-04-27 19:23:20,866 [INFO]   Fetching page 2 for 4568...
2026-04-27 19:23:21,230 [INFO]   Reached already synced data for 4568. Stopping.
2026-04-27 19:23:21,232 [INFO] Saved 1 records for 4568
2026-04-27 19:23:27,546 [INFO] [28/107] Processing 4617 (Unknown)
2026-04-27 19:23:27,547 [INFO] Syncing 4617: DB latest date is 2026-04-24
2026-04-27 19:23:27,547 [INFO]   Fetching page 1 for 4617...
2026-04-27 19:23:30,224 [INFO]   Fetching page 2 for 4617...
2026-04-27 19:23:30,472 [INFO]   Reached already synced data for 4617. Stopping.
2026-04-27 19:23:30,475 [INFO] Saved 1 records for 4617
2026-04-27 19:23:38,419 [INFO] [29/107] Processing 4631 (Unknown)
2026-04-27 19:23:38,420 [INFO] Syncing 4631: DB latest date is 2026-04-24
2026-04-27 19:23:38,420 [INFO]   Fetching page 1 for 4631...
2026-04-27 19:23:41,599 [INFO]   Fetching page 2 for 4631...
2026-04-27 19:23:41,808 [INFO]   Reached already synced data for 4631. Stopping.
2026-04-27 19:23:41,811 [INFO] Saved 1 records for 4631
2026-04-27 19:23:48,453 [INFO] [30/107] Processing 4633 (Unknown)
2026-04-27 19:23:48,454 [INFO] Syncing 4633: DB latest date is 2026-04-24
2026-04-27 19:23:48,454 [INFO]   Fetching page 1 for 4633...
2026-04-27 19:23:51,371 [INFO]   Fetching page 2 for 4633...
2026-04-27 19:23:51,551 [INFO]   Reached already synced data for 4633. Stopping.
2026-04-27 19:23:51,554 [INFO] Saved 1 records for 4633
2026-04-27 19:23:51,554 [INFO] Taking a deep breath (60s wait)...
2026-04-27 19:24:51,555 [INFO] [31/107] Processing 4751 (Unknown)
2026-04-27 19:24:51,556 [INFO] Syncing 4751: DB latest date is 2026-04-24
2026-04-27 19:24:51,556 [INFO]   Fetching page 1 for 4751...
2026-04-27 19:24:55,168 [INFO]   Fetching page 2 for 4751...
2026-04-27 19:24:55,382 [INFO]   Reached already synced data for 4751. Stopping.
2026-04-27 19:24:55,385 [INFO] Saved 1 records for 4751
2026-04-27 19:25:01,984 [INFO] [32/107] Processing 4755 (Unknown)
2026-04-27 19:25:01,986 [INFO] Syncing 4755: DB latest date is 2026-04-24
2026-04-27 19:25:01,986 [INFO]   Fetching page 1 for 4755...
2026-04-27 19:25:04,498 [INFO]   Fetching page 2 for 4755...
2026-04-27 19:25:04,736 [INFO]   Reached already synced data for 4755. Stopping.
2026-04-27 19:25:04,738 [INFO] Saved 1 records for 4755
2026-04-27 19:25:10,813 [INFO] [33/107] Processing 4901 (Unknown)
2026-04-27 19:25:10,814 [INFO] Syncing 4901: DB latest date is 2026-04-24
2026-04-27 19:25:10,815 [INFO]   Fetching page 1 for 4901...
2026-04-27 19:25:14,467 [INFO]   Fetching page 2 for 4901...
2026-04-27 19:25:14,681 [INFO]   Reached already synced data for 4901. Stopping.
2026-04-27 19:25:14,683 [INFO] Saved 1 records for 4901
2026-04-27 19:25:20,807 [INFO] [34/107] Processing 4996 (Unknown)
2026-04-27 19:25:20,808 [INFO] Syncing 4996: DB latest date is 2026-04-24
2026-04-27 19:25:20,808 [INFO]   Fetching page 1 for 4996...
2026-04-27 19:25:24,467 [INFO]   Fetching page 2 for 4996...
2026-04-27 19:25:24,663 [INFO]   Reached already synced data for 4996. Stopping.
2026-04-27 19:25:24,666 [INFO] Saved 1 records for 4996
2026-04-27 19:25:29,775 [INFO] [35/107] Processing 5016 (Unknown)
2026-04-27 19:25:29,775 [INFO] Syncing 5016: DB latest date is 2026-04-24
2026-04-27 19:25:29,775 [INFO]   Fetching page 1 for 5016...
2026-04-27 19:25:32,624 [INFO]   Fetching page 2 for 5016...
2026-04-27 19:25:32,837 [INFO]   Reached already synced data for 5016. Stopping.
2026-04-27 19:25:32,839 [INFO] Saved 1 records for 5016
2026-04-27 19:25:40,365 [INFO] [36/107] Processing 5105 (Unknown)
2026-04-27 19:25:40,366 [INFO] Syncing 5105: DB latest date is 2026-04-24
2026-04-27 19:25:40,367 [INFO]   Fetching page 1 for 5105...
2026-04-27 19:25:43,908 [INFO]   Fetching page 2 for 5105...
2026-04-27 19:25:44,086 [INFO]   Reached already synced data for 5105. Stopping.
2026-04-27 19:25:44,088 [INFO] Saved 1 records for 5105
2026-04-27 19:25:51,634 [INFO] [37/107] Processing 5108 (Unknown)
2026-04-27 19:25:51,636 [INFO] Syncing 5108: DB latest date is 2026-04-24
2026-04-27 19:25:51,636 [INFO]   Fetching page 1 for 5108...
2026-04-27 19:25:54,269 [INFO]   Fetching page 2 for 5108...
2026-04-27 19:25:54,486 [INFO]   Reached already synced data for 5108. Stopping.
2026-04-27 19:25:54,490 [INFO] Saved 1 records for 5108
2026-04-27 19:26:01,203 [INFO] [38/107] Processing 5401 (Unknown)
2026-04-27 19:26:01,204 [INFO] Syncing 5401: DB latest date is 2026-04-24
2026-04-27 19:26:01,204 [INFO]   Fetching page 1 for 5401...
2026-04-27 19:26:04,283 [INFO]   Fetching page 2 for 5401...
2026-04-27 19:26:04,482 [INFO]   Reached already synced data for 5401. Stopping.
2026-04-27 19:26:04,485 [INFO] Saved 1 records for 5401
2026-04-27 19:26:10,998 [INFO] [39/107] Processing 5406 (Unknown)
2026-04-27 19:26:10,999 [INFO] Syncing 5406: DB latest date is 2026-04-24
2026-04-27 19:26:11,000 [INFO]   Fetching page 1 for 5406...
2026-04-27 19:26:13,413 [INFO]   Fetching page 2 for 5406...
2026-04-27 19:26:13,679 [INFO]   Reached already synced data for 5406. Stopping.
2026-04-27 19:26:13,681 [INFO] Saved 1 records for 5406
2026-04-27 19:26:19,831 [INFO] [40/107] Processing 5411 (Unknown)
2026-04-27 19:26:19,832 [INFO] Syncing 5411: DB latest date is 2026-04-24
2026-04-27 19:26:19,832 [INFO]   Fetching page 1 for 5411...
2026-04-27 19:26:23,413 [INFO]   Fetching page 2 for 5411...
2026-04-27 19:26:23,633 [INFO]   Reached already synced data for 5411. Stopping.
2026-04-27 19:26:23,635 [INFO] Saved 1 records for 5411
2026-04-27 19:26:23,635 [INFO] Taking a deep breath (60s wait)...
2026-04-27 19:27:23,640 [INFO] [41/107] Processing 5445 (Unknown)
2026-04-27 19:27:23,642 [INFO] Syncing 5445: DB latest date is 2026-04-24
2026-04-27 19:27:23,642 [INFO]   Fetching page 1 for 5445...
2026-04-27 19:27:27,394 [INFO]   Fetching page 2 for 5445...
2026-04-27 19:27:27,639 [INFO]   Reached already synced data for 5445. Stopping.
2026-04-27 19:27:27,641 [INFO] Saved 1 records for 5445
2026-04-27 19:27:33,759 [INFO] [42/107] Processing 5801 (Unknown)
2026-04-27 19:27:33,761 [INFO] Syncing 5801: DB latest date is 2026-04-24
2026-04-27 19:27:33,761 [INFO]   Fetching page 1 for 5801...
2026-04-27 19:27:37,325 [INFO]   Fetching page 2 for 5801...
2026-04-27 19:27:37,507 [INFO]   Reached already synced data for 5801. Stopping.
2026-04-27 19:27:37,509 [INFO] Saved 1 records for 5801
2026-04-27 19:27:45,264 [INFO] [43/107] Processing 5803 (Unknown)
2026-04-27 19:27:45,265 [INFO] Syncing 5803: DB latest date is 2026-04-24
2026-04-27 19:27:45,265 [INFO]   Fetching page 1 for 5803...
2026-04-27 19:27:48,339 [INFO]   Fetching page 2 for 5803...
2026-04-27 19:27:48,613 [INFO]   Reached already synced data for 5803. Stopping.
2026-04-27 19:27:48,614 [INFO] Saved 1 records for 5803
2026-04-27 19:27:56,226 [INFO] [44/107] Processing 5938 (Unknown)
2026-04-27 19:27:56,227 [INFO] Syncing 5938: DB latest date is 2026-04-24
2026-04-27 19:27:56,230 [INFO]   Fetching page 1 for 5938...
2026-04-27 19:27:58,889 [INFO]   Fetching page 2 for 5938...
2026-04-27 19:27:59,141 [INFO]   Reached already synced data for 5938. Stopping.
2026-04-27 19:27:59,145 [INFO] Saved 1 records for 5938
2026-04-27 19:28:06,388 [INFO] [45/107] Processing 6098 (Unknown)
2026-04-27 19:28:06,389 [INFO] Syncing 6098: DB latest date is 2026-04-24
2026-04-27 19:28:06,389 [INFO]   Fetching page 1 for 6098...
2026-04-27 19:28:09,494 [INFO]   Fetching page 2 for 6098...
2026-04-27 19:28:09,811 [INFO]   Reached already synced data for 6098. Stopping.
2026-04-27 19:28:09,814 [INFO] Saved 1 records for 6098
2026-04-27 19:28:17,716 [INFO] [46/107] Processing 6136 (Unknown)
2026-04-27 19:28:17,717 [INFO] Syncing 6136: DB latest date is 2026-04-24
2026-04-27 19:28:17,717 [INFO]   Fetching page 1 for 6136...
2026-04-27 19:28:19,990 [INFO]   Fetching page 2 for 6136...
2026-04-27 19:28:20,226 [INFO]   Reached already synced data for 6136. Stopping.
2026-04-27 19:28:20,228 [INFO] Saved 1 records for 6136
2026-04-27 19:28:25,565 [INFO] [47/107] Processing 6140 (Unknown)
2026-04-27 19:28:25,566 [INFO] Syncing 6140: DB latest date is 2026-04-24
2026-04-27 19:28:25,566 [INFO]   Fetching page 1 for 6140...
2026-04-27 19:28:27,912 [INFO]   Fetching page 2 for 6140...
2026-04-27 19:28:28,110 [INFO]   Reached already synced data for 6140. Stopping.
2026-04-27 19:28:28,112 [INFO] Saved 1 records for 6140
2026-04-27 19:28:36,068 [INFO] [48/107] Processing 6141 (Unknown)
2026-04-27 19:28:36,069 [INFO] Syncing 6141: DB latest date is 2026-04-24
2026-04-27 19:28:36,070 [INFO]   Fetching page 1 for 6141...
2026-04-27 19:28:39,559 [INFO]   Fetching page 2 for 6141...
2026-04-27 19:28:39,814 [INFO]   Reached already synced data for 6141. Stopping.
2026-04-27 19:28:39,817 [INFO] Saved 1 records for 6141
2026-04-27 19:28:44,952 [INFO] [49/107] Processing 6200 (Unknown)
2026-04-27 19:28:44,952 [INFO] Syncing 6200: DB latest date is 2026-04-24
2026-04-27 19:28:44,952 [INFO]   Fetching page 1 for 6200...
2026-04-27 19:28:47,796 [INFO]   Fetching page 2 for 6200...
2026-04-27 19:28:48,014 [INFO]   Reached already synced data for 6200. Stopping.
2026-04-27 19:28:48,016 [INFO] Saved 1 records for 6200
2026-04-27 19:28:54,792 [INFO] [50/107] Processing 6417 (Unknown)
2026-04-27 19:28:54,793 [INFO] Syncing 6417: DB latest date is 2026-04-24
2026-04-27 19:28:54,793 [INFO]   Fetching page 1 for 6417...
2026-04-27 19:28:57,761 [INFO]   Fetching page 2 for 6417...
2026-04-27 19:28:57,981 [INFO]   Reached already synced data for 6417. Stopping.
2026-04-27 19:28:57,983 [INFO] Saved 1 records for 6417
2026-04-27 19:28:57,983 [INFO] Taking a deep breath (60s wait)...
2026-04-27 19:29:57,986 [INFO] [51/107] Processing 6501 (Unknown)
2026-04-27 19:29:57,986 [INFO] Syncing 6501: DB latest date is 2026-04-24
2026-04-27 19:29:57,986 [INFO]   Fetching page 1 for 6501...
2026-04-27 19:30:01,548 [INFO]   Fetching page 2 for 6501...
2026-04-27 19:30:01,729 [INFO]   Reached already synced data for 6501. Stopping.
2026-04-27 19:30:01,730 [INFO] Saved 1 records for 6501
2026-04-27 19:30:08,528 [INFO] [52/107] Processing 6622 (Unknown)
2026-04-27 19:30:08,529 [INFO] Syncing 6622: DB latest date is 2026-04-24
2026-04-27 19:30:08,530 [INFO]   Fetching page 1 for 6622...
2026-04-27 19:30:11,842 [INFO]   Fetching page 2 for 6622...
2026-04-27 19:30:12,188 [INFO]   Reached already synced data for 6622. Stopping.
2026-04-27 19:30:12,191 [INFO] Saved 1 records for 6622
2026-04-27 19:30:17,645 [INFO] [53/107] Processing 6651 (Unknown)
2026-04-27 19:30:17,645 [INFO] Syncing 6651: DB latest date is 2026-04-24
2026-04-27 19:30:17,645 [INFO]   Fetching page 1 for 6651...
2026-04-27 19:30:20,496 [INFO]   Fetching page 2 for 6651...
2026-04-27 19:30:20,703 [INFO]   Reached already synced data for 6651. Stopping.
2026-04-27 19:30:20,706 [INFO] Saved 1 records for 6651
2026-04-27 19:30:27,115 [INFO] [54/107] Processing 6954 (Unknown)
2026-04-27 19:30:27,116 [INFO] Syncing 6954: DB latest date is 2026-04-24
2026-04-27 19:30:27,116 [INFO]   Fetching page 1 for 6954...
2026-04-27 19:30:30,030 [INFO]   Fetching page 2 for 6954...
2026-04-27 19:30:30,233 [INFO]   Reached already synced data for 6954. Stopping.
2026-04-27 19:30:30,234 [INFO] Saved 1 records for 6954
2026-04-27 19:30:37,836 [INFO] [55/107] Processing 6963 (Unknown)
2026-04-27 19:30:37,837 [INFO] Syncing 6963: DB latest date is 2026-04-24
2026-04-27 19:30:37,837 [INFO]   Fetching page 1 for 6963...
2026-04-27 19:30:41,381 [INFO]   Fetching page 2 for 6963...
2026-04-27 19:30:41,594 [INFO]   Reached already synced data for 6963. Stopping.
2026-04-27 19:30:41,596 [INFO] Saved 1 records for 6963
2026-04-27 19:30:46,783 [INFO] [56/107] Processing 6965 (Unknown)
2026-04-27 19:30:46,785 [INFO] Syncing 6965: DB latest date is 2026-04-24
2026-04-27 19:30:46,785 [INFO]   Fetching page 1 for 6965...
2026-04-27 19:30:49,656 [INFO]   Fetching page 2 for 6965...
2026-04-27 19:30:49,844 [INFO]   Reached already synced data for 6965. Stopping.
2026-04-27 19:30:49,848 [INFO] Saved 1 records for 6965
2026-04-27 19:30:55,024 [INFO] [57/107] Processing 6981 (Unknown)
2026-04-27 19:30:55,025 [INFO] Syncing 6981: DB latest date is 2026-04-24
2026-04-27 19:30:55,025 [INFO]   Fetching page 1 for 6981...
2026-04-27 19:30:57,851 [INFO]   Fetching page 2 for 6981...
2026-04-27 19:30:58,093 [INFO]   Reached already synced data for 6981. Stopping.
2026-04-27 19:30:58,096 [INFO] Saved 1 records for 6981
2026-04-27 19:31:05,774 [INFO] [58/107] Processing 7201 (Unknown)
2026-04-27 19:31:05,775 [INFO] Syncing 7201: DB latest date is 2026-04-24
2026-04-27 19:31:05,775 [INFO]   Fetching page 1 for 7201...
2026-04-27 19:31:09,253 [INFO]   Fetching page 2 for 7201...
2026-04-27 19:31:09,528 [INFO]   Reached already synced data for 7201. Stopping.
2026-04-27 19:31:09,529 [INFO] Saved 1 records for 7201
2026-04-27 19:31:14,685 [INFO] [59/107] Processing 7203 (Unknown)
2026-04-27 19:31:14,686 [INFO] Syncing 7203: DB latest date is 2026-04-24
2026-04-27 19:31:14,686 [INFO]   Fetching page 1 for 7203...
2026-04-27 19:31:17,399 [INFO]   Fetching page 2 for 7203...
2026-04-27 19:31:17,721 [INFO]   Reached already synced data for 7203. Stopping.
2026-04-27 19:31:17,722 [INFO] Saved 1 records for 7203
2026-04-27 19:31:23,649 [INFO] [60/107] Processing 7246 (Unknown)
2026-04-27 19:31:23,650 [INFO] Syncing 7246: DB latest date is 2026-04-24
2026-04-27 19:31:23,650 [INFO]   Fetching page 1 for 7246...
2026-04-27 19:31:25,969 [INFO]   Fetching page 2 for 7246...
2026-04-27 19:31:26,173 [INFO]   Reached already synced data for 7246. Stopping.
2026-04-27 19:31:26,174 [INFO] Saved 1 records for 7246
2026-04-27 19:31:26,174 [INFO] Taking a deep breath (60s wait)...
2026-04-27 19:32:26,178 [INFO] [61/107] Processing 7261 (Unknown)
2026-04-27 19:32:26,178 [INFO] Syncing 7261: DB latest date is 2026-04-24
2026-04-27 19:32:26,178 [INFO]   Fetching page 1 for 7261...
2026-04-27 19:32:28,920 [INFO]   Fetching page 2 for 7261...
2026-04-27 19:32:29,149 [INFO]   Reached already synced data for 7261. Stopping.
2026-04-27 19:32:29,152 [INFO] Saved 1 records for 7261
2026-04-27 19:32:36,698 [INFO] [62/107] Processing 7267 (Unknown)
2026-04-27 19:32:36,698 [INFO] Syncing 7267: DB latest date is 2026-04-24
2026-04-27 19:32:36,698 [INFO]   Fetching page 1 for 7267...
2026-04-27 19:32:39,558 [INFO]   Fetching page 2 for 7267...
2026-04-27 19:32:39,807 [INFO]   Reached already synced data for 7267. Stopping.
2026-04-27 19:32:39,809 [INFO] Saved 1 records for 7267
2026-04-27 19:32:45,582 [INFO] [63/107] Processing 7272 (Unknown)
2026-04-27 19:32:45,583 [INFO] Syncing 7272: DB latest date is 2026-04-24
2026-04-27 19:32:45,583 [INFO]   Fetching page 1 for 7272...
2026-04-27 19:32:48,596 [INFO]   Fetching page 2 for 7272...
2026-04-27 19:32:48,810 [INFO]   Reached already synced data for 7272. Stopping.
2026-04-27 19:32:48,811 [INFO] Saved 1 records for 7272
2026-04-27 19:32:56,476 [INFO] [64/107] Processing 7453 (Unknown)
2026-04-27 19:32:56,477 [INFO] Syncing 7453: DB latest date is 2026-04-24
2026-04-27 19:32:56,477 [INFO]   Fetching page 1 for 7453...
2026-04-27 19:32:59,763 [INFO]   Fetching page 2 for 7453...
2026-04-27 19:32:59,974 [INFO]   Reached already synced data for 7453. Stopping.
2026-04-27 19:32:59,977 [INFO] Saved 1 records for 7453
2026-04-27 19:33:06,309 [INFO] [65/107] Processing 7593 (Unknown)
2026-04-27 19:33:06,310 [INFO] Syncing 7593: DB latest date is 2026-04-24
2026-04-27 19:33:06,310 [INFO]   Fetching page 1 for 7593...
2026-04-27 19:33:09,274 [INFO]   Fetching page 2 for 7593...
2026-04-27 19:33:09,470 [INFO]   Reached already synced data for 7593. Stopping.
2026-04-27 19:33:09,473 [INFO] Saved 1 records for 7593
2026-04-27 19:33:16,194 [INFO] [66/107] Processing 7739 (Unknown)
2026-04-27 19:33:16,196 [INFO] Syncing 7739: DB latest date is 2026-04-24
2026-04-27 19:33:16,196 [INFO]   Fetching page 1 for 7739...
2026-04-27 19:33:18,489 [INFO]   Fetching page 2 for 7739...
2026-04-27 19:33:18,701 [INFO]   Reached already synced data for 7739. Stopping.
2026-04-27 19:33:26,082 [INFO] [67/107] Processing 7740 (Unknown)
2026-04-27 19:33:26,083 [INFO] Syncing 7740: DB latest date is 2026-04-24
2026-04-27 19:33:26,083 [INFO]   Fetching page 1 for 7740...
2026-04-27 19:33:28,902 [INFO]   Fetching page 2 for 7740...
2026-04-27 19:33:29,110 [INFO]   Reached already synced data for 7740. Stopping.
2026-04-27 19:33:29,113 [INFO] Saved 1 records for 7740
2026-04-27 19:33:35,685 [INFO] [68/107] Processing 7751 (Unknown)
2026-04-27 19:33:35,687 [INFO] Syncing 7751: DB latest date is 2026-04-24
2026-04-27 19:33:35,687 [INFO]   Fetching page 1 for 7751...
2026-04-27 19:33:38,630 [INFO]   Fetching page 2 for 7751...
2026-04-27 19:33:38,819 [INFO]   Reached already synced data for 7751. Stopping.
2026-04-27 19:33:38,820 [INFO] Saved 1 records for 7751
2026-04-27 19:33:46,774 [INFO] [69/107] Processing 7956 (Unknown)
2026-04-27 19:33:46,776 [INFO] Syncing 7956: DB latest date is 2026-04-24
2026-04-27 19:33:46,776 [INFO]   Fetching page 1 for 7956...
2026-04-27 19:33:49,359 [INFO]   Fetching page 2 for 7956...
2026-04-27 19:33:49,591 [INFO]   Reached already synced data for 7956. Stopping.
2026-04-27 19:33:49,592 [INFO] Saved 1 records for 7956
2026-04-27 19:33:56,155 [INFO] [70/107] Processing 7974 (Unknown)
2026-04-27 19:33:56,156 [INFO] Syncing 7974: DB latest date is 2026-04-24
2026-04-27 19:33:56,156 [INFO]   Fetching page 1 for 7974...
2026-04-27 19:33:58,574 [INFO]   Fetching page 2 for 7974...
2026-04-27 19:33:58,809 [INFO]   Reached already synced data for 7974. Stopping.
2026-04-27 19:33:58,811 [INFO] Saved 1 records for 7974
2026-04-27 19:33:58,811 [INFO] Taking a deep breath (60s wait)...
2026-04-27 19:34:58,812 [INFO] [71/107] Processing 8035 (Unknown)
2026-04-27 19:34:58,813 [INFO] Syncing 8035: DB latest date is 2026-04-24
2026-04-27 19:34:58,813 [INFO]   Fetching page 1 for 8035...
2026-04-27 19:35:02,105 [INFO]   Fetching page 2 for 8035...
2026-04-27 19:35:02,402 [INFO]   Reached already synced data for 8035. Stopping.
2026-04-27 19:35:02,405 [INFO] Saved 1 records for 8035
2026-04-27 19:35:09,296 [INFO] [72/107] Processing 8053 (Unknown)
2026-04-27 19:35:09,297 [INFO] Syncing 8053: DB latest date is 2026-04-24
2026-04-27 19:35:09,297 [INFO]   Fetching page 1 for 8053...
2026-04-27 19:35:12,910 [INFO]   Fetching page 2 for 8053...
2026-04-27 19:35:13,123 [INFO]   Reached already synced data for 8053. Stopping.
2026-04-27 19:35:13,126 [INFO] Saved 1 records for 8053
2026-04-27 19:35:18,178 [INFO] [73/107] Processing 8058 (Unknown)
2026-04-27 19:35:18,179 [INFO] Syncing 8058: DB latest date is 2026-04-24
2026-04-27 19:35:18,180 [INFO]   Fetching page 1 for 8058...
2026-04-27 19:35:21,548 [INFO]   Fetching page 2 for 8058...
2026-04-27 19:35:21,761 [INFO]   Reached already synced data for 8058. Stopping.
2026-04-27 19:35:21,763 [INFO] Saved 1 records for 8058
2026-04-27 19:35:27,456 [INFO] [74/107] Processing 8070 (Unknown)
2026-04-27 19:35:27,456 [INFO] Syncing 8070: DB latest date is 2026-04-24
2026-04-27 19:35:27,456 [INFO]   Fetching page 1 for 8070...
2026-04-27 19:35:29,765 [INFO]   Fetching page 2 for 8070...
2026-04-27 19:35:29,981 [INFO]   Reached already synced data for 8070. Stopping.
2026-04-27 19:35:29,983 [INFO] Saved 1 records for 8070
2026-04-27 19:35:37,323 [INFO] [75/107] Processing 8130 (Unknown)
2026-04-27 19:35:37,324 [INFO] Syncing 8130: DB latest date is 2026-04-24
2026-04-27 19:35:37,324 [INFO]   Fetching page 1 for 8130...
2026-04-27 19:35:39,893 [INFO]   Fetching page 2 for 8130...
2026-04-27 19:35:40,169 [INFO]   Reached already synced data for 8130. Stopping.
2026-04-27 19:35:40,172 [INFO] Saved 1 records for 8130
2026-04-27 19:35:47,448 [INFO] [76/107] Processing 8133 (Unknown)
2026-04-27 19:35:47,449 [INFO] Syncing 8133: DB latest date is 2026-04-24
2026-04-27 19:35:47,449 [INFO]   Fetching page 1 for 8133...
2026-04-27 19:35:50,561 [INFO]   Fetching page 2 for 8133...
2026-04-27 19:35:50,947 [INFO]   Reached already synced data for 8133. Stopping.
2026-04-27 19:35:50,949 [INFO] Saved 1 records for 8133
2026-04-27 19:35:58,242 [INFO] [77/107] Processing 8136 (Unknown)
2026-04-27 19:35:58,243 [INFO] Syncing 8136: DB latest date is 2026-04-24
2026-04-27 19:35:58,243 [INFO]   Fetching page 1 for 8136...
2026-04-27 19:36:01,112 [INFO]   Fetching page 2 for 8136...
2026-04-27 19:36:01,432 [INFO]   Reached already synced data for 8136. Stopping.
2026-04-27 19:36:01,435 [INFO] Saved 1 records for 8136
2026-04-27 19:36:07,260 [INFO] [78/107] Processing 8304 (Unknown)
2026-04-27 19:36:07,261 [INFO] Syncing 8304: DB latest date is 2026-04-24
2026-04-27 19:36:07,261 [INFO]   Fetching page 1 for 8304...
2026-04-27 19:36:10,263 [INFO]   Fetching page 2 for 8304...
2026-04-27 19:36:10,584 [INFO]   Reached already synced data for 8304. Stopping.
2026-04-27 19:36:10,587 [INFO] Saved 1 records for 8304
2026-04-27 19:36:16,048 [INFO] [79/107] Processing 8306 (Unknown)
2026-04-27 19:36:16,049 [INFO] Syncing 8306: DB latest date is 2026-04-24
2026-04-27 19:36:16,049 [INFO]   Fetching page 1 for 8306...
2026-04-27 19:36:19,234 [INFO]   Fetching page 2 for 8306...
2026-04-27 19:36:19,697 [INFO]   Reached already synced data for 8306. Stopping.
2026-04-27 19:36:19,700 [INFO] Saved 1 records for 8306
2026-04-27 19:36:24,862 [INFO] [80/107] Processing 8309 (Unknown)
2026-04-27 19:36:24,863 [INFO] Syncing 8309: DB latest date is 2026-04-24
2026-04-27 19:36:24,864 [INFO]   Fetching page 1 for 8309...
2026-04-27 19:36:27,501 [INFO]   Fetching page 2 for 8309...
2026-04-27 19:36:27,764 [INFO]   Reached already synced data for 8309. Stopping.
2026-04-27 19:36:27,766 [INFO] Saved 1 records for 8309
2026-04-27 19:36:27,766 [INFO] Taking a deep breath (60s wait)...
2026-04-27 19:37:27,768 [INFO] [81/107] Processing 8316 (Unknown)
2026-04-27 19:37:27,770 [INFO] Syncing 8316: DB latest date is 2026-04-24
2026-04-27 19:37:27,770 [INFO]   Fetching page 1 for 8316...
2026-04-27 19:37:30,376 [INFO]   Fetching page 2 for 8316...
2026-04-27 19:37:30,652 [INFO]   Reached already synced data for 8316. Stopping.
2026-04-27 19:37:30,654 [INFO] Saved 1 records for 8316
2026-04-27 19:37:38,350 [INFO] [82/107] Processing 8418 (Unknown)
2026-04-27 19:37:38,351 [INFO] Syncing 8418: DB latest date is 2026-04-24
2026-04-27 19:37:38,352 [INFO]   Fetching page 1 for 8418...
2026-04-27 19:37:41,429 [INFO]   Fetching page 2 for 8418...
2026-04-27 19:37:41,653 [INFO]   Reached already synced data for 8418. Stopping.
2026-04-27 19:37:41,656 [INFO] Saved 1 records for 8418
2026-04-27 19:37:48,854 [INFO] [83/107] Processing 8591 (Unknown)
2026-04-27 19:37:48,855 [INFO] Syncing 8591: DB latest date is 2026-04-24
2026-04-27 19:37:48,855 [INFO]   Fetching page 1 for 8591...
2026-04-27 19:37:52,453 [INFO]   Fetching page 2 for 8591...
2026-04-27 19:37:52,652 [INFO]   Reached already synced data for 8591. Stopping.
2026-04-27 19:37:52,654 [INFO] Saved 1 records for 8591
2026-04-27 19:37:59,508 [INFO] [84/107] Processing 8593 (Unknown)
2026-04-27 19:37:59,509 [INFO] Syncing 8593: DB latest date is 2026-04-24
2026-04-27 19:37:59,510 [INFO]   Fetching page 1 for 8593...
2026-04-27 19:38:02,632 [INFO]   Fetching page 2 for 8593...
2026-04-27 19:38:02,913 [INFO]   Reached already synced data for 8593. Stopping.
2026-04-27 19:38:02,914 [INFO] Saved 1 records for 8593
2026-04-27 19:38:10,251 [INFO] [85/107] Processing 8601 (Unknown)
2026-04-27 19:38:10,252 [INFO] Syncing 8601: DB latest date is 2026-04-24
2026-04-27 19:38:10,252 [INFO]   Fetching page 1 for 8601...
2026-04-27 19:38:12,992 [INFO]   Fetching page 2 for 8601...
2026-04-27 19:38:13,343 [INFO]   Reached already synced data for 8601. Stopping.
2026-04-27 19:38:13,344 [INFO] Saved 1 records for 8601
2026-04-27 19:38:20,827 [INFO] [86/107] Processing 8604 (Unknown)
2026-04-27 19:38:20,829 [INFO] Syncing 8604: DB latest date is 2026-04-26
2026-04-27 19:38:20,829 [INFO]   Fetching page 1 for 8604...
2026-04-27 19:38:24,264 [INFO]   Fetching page 2 for 8604...
2026-04-27 19:38:24,486 [INFO]   Reached already synced data for 8604. Stopping.
2026-04-27 19:38:24,487 [INFO] Saved 1 records for 8604
2026-04-27 19:38:30,857 [INFO] [87/107] Processing 8609 (Unknown)
2026-04-27 19:38:30,857 [INFO] Syncing 8609: DB latest date is 2026-04-24
2026-04-27 19:38:30,857 [INFO]   Fetching page 1 for 8609...
2026-04-27 19:38:33,669 [INFO]   Fetching page 2 for 8609...
2026-04-27 19:38:33,883 [INFO]   Reached already synced data for 8609. Stopping.
2026-04-27 19:38:33,886 [INFO] Saved 1 records for 8609
2026-04-27 19:38:40,191 [INFO] [88/107] Processing 8698 (Unknown)
2026-04-27 19:38:40,191 [INFO] Syncing 8698: DB latest date is 2026-04-24
2026-04-27 19:38:40,191 [INFO]   Fetching page 1 for 8698...
2026-04-27 19:38:42,641 [INFO]   Fetching page 2 for 8698...
2026-04-27 19:38:42,873 [INFO]   Reached already synced data for 8698. Stopping.
2026-04-27 19:38:42,875 [INFO] Saved 1 records for 8698
2026-04-27 19:38:50,672 [INFO] [89/107] Processing 8708 (Unknown)
2026-04-27 19:38:50,672 [INFO] Syncing 8708: DB latest date is 2026-04-24
2026-04-27 19:38:50,672 [INFO]   Fetching page 1 for 8708...
2026-04-27 19:38:53,777 [INFO]   Fetching page 2 for 8708...
2026-04-27 19:38:54,028 [INFO]   Reached already synced data for 8708. Stopping.
2026-04-27 19:38:54,029 [INFO] Saved 1 records for 8708
2026-04-27 19:39:01,226 [INFO] [90/107] Processing 8725 (Unknown)
2026-04-27 19:39:01,227 [INFO] Syncing 8725: DB latest date is 2026-04-24
2026-04-27 19:39:01,227 [INFO]   Fetching page 1 for 8725...
2026-04-27 19:39:03,715 [INFO]   Fetching page 2 for 8725...
2026-04-27 19:39:03,987 [INFO]   Reached already synced data for 8725. Stopping.
2026-04-27 19:39:03,990 [INFO] Saved 1 records for 8725
2026-04-27 19:39:03,990 [INFO] Taking a deep breath (60s wait)...
2026-04-27 19:40:03,995 [INFO] [91/107] Processing 8729 (Unknown)
2026-04-27 19:40:03,997 [INFO] Syncing 8729: DB latest date is 2026-04-24
2026-04-27 19:40:03,997 [INFO]   Fetching page 1 for 8729...
2026-04-27 19:40:07,010 [INFO]   Fetching page 2 for 8729...
2026-04-27 19:40:07,741 [INFO]   Reached already synced data for 8729. Stopping.
2026-04-27 19:40:07,744 [INFO] Saved 1 records for 8729
2026-04-27 19:40:15,692 [INFO] [92/107] Processing 8737 (Unknown)
2026-04-27 19:40:15,693 [INFO] Syncing 8737: DB latest date is 2026-04-24
2026-04-27 19:40:15,694 [INFO]   Fetching page 1 for 8737...
2026-04-27 19:40:18,977 [INFO]   Fetching page 2 for 8737...
2026-04-27 19:40:19,192 [INFO]   Reached already synced data for 8737. Stopping.
2026-04-27 19:40:19,194 [INFO] Saved 1 records for 8737
2026-04-27 19:40:26,613 [INFO] [93/107] Processing 8766 (Unknown)
2026-04-27 19:40:26,614 [INFO] Syncing 8766: DB latest date is 2026-04-24
2026-04-27 19:40:26,615 [INFO]   Fetching page 1 for 8766...
2026-04-27 19:40:29,257 [INFO]   Fetching page 2 for 8766...
2026-04-27 19:40:29,524 [INFO]   Reached already synced data for 8766. Stopping.
2026-04-27 19:40:29,526 [INFO] Saved 1 records for 8766
2026-04-27 19:40:37,019 [INFO] [94/107] Processing 9064 (Unknown)
2026-04-27 19:40:37,020 [INFO] Syncing 9064: DB latest date is 2026-04-24
2026-04-27 19:40:37,020 [INFO]   Fetching page 1 for 9064...
2026-04-27 19:40:40,011 [INFO]   Fetching page 2 for 9064...
2026-04-27 19:40:40,235 [INFO]   Reached already synced data for 9064. Stopping.
2026-04-27 19:40:40,238 [INFO] Saved 1 records for 9064
2026-04-27 19:40:46,107 [INFO] [95/107] Processing 9101 (Unknown)
2026-04-27 19:40:46,109 [INFO] Syncing 9101: DB latest date is 2026-04-24
2026-04-27 19:40:46,109 [INFO]   Fetching page 1 for 9101...
2026-04-27 19:40:48,781 [INFO]   Fetching page 2 for 9101...
2026-04-27 19:40:49,055 [INFO]   Reached already synced data for 9101. Stopping.
2026-04-27 19:40:49,057 [INFO] Saved 1 records for 9101
2026-04-27 19:40:56,444 [INFO] [96/107] Processing 9107 (Unknown)
2026-04-27 19:40:56,446 [INFO] Syncing 9107: DB latest date is 2026-04-24
2026-04-27 19:40:56,446 [INFO]   Fetching page 1 for 9107...
2026-04-27 19:40:59,120 [INFO]   Fetching page 2 for 9107...
2026-04-27 19:40:59,456 [INFO]   Reached already synced data for 9107. Stopping.
2026-04-27 19:40:59,459 [INFO] Saved 1 records for 9107
2026-04-27 19:41:04,792 [INFO] [97/107] Processing 9322 (Unknown)
2026-04-27 19:41:04,793 [INFO] Syncing 9322: DB latest date is 2026-04-24
2026-04-27 19:41:04,793 [INFO]   Fetching page 1 for 9322...
2026-04-27 19:41:08,150 [INFO]   Fetching page 2 for 9322...
2026-04-27 19:41:08,401 [INFO]   Reached already synced data for 9322. Stopping.
2026-04-27 19:41:08,404 [INFO] Saved 1 records for 9322
2026-04-27 19:41:15,057 [INFO] [98/107] Processing 9432 (Unknown)
2026-04-27 19:41:15,058 [INFO] Syncing 9432: DB latest date is 2026-04-24
2026-04-27 19:41:15,058 [INFO]   Fetching page 1 for 9432...
2026-04-27 19:41:18,644 [INFO]   Fetching page 2 for 9432...
2026-04-27 19:41:18,867 [INFO]   Reached already synced data for 9432. Stopping.
2026-04-27 19:41:18,870 [INFO] Saved 1 records for 9432
2026-04-27 19:41:24,209 [INFO] [99/107] Processing 9433 (Unknown)
2026-04-27 19:41:24,211 [INFO] Syncing 9433: DB latest date is 2026-04-24
2026-04-27 19:41:24,211 [INFO]   Fetching page 1 for 9433...
2026-04-27 19:41:27,926 [INFO]   Fetching page 2 for 9433...
2026-04-27 19:41:28,172 [INFO]   Reached already synced data for 9433. Stopping.
2026-04-27 19:41:28,174 [INFO] Saved 1 records for 9433
2026-04-27 19:41:34,884 [INFO] [100/107] Processing 9434 (Unknown)
2026-04-27 19:41:34,886 [INFO] Syncing 9434: DB latest date is 2026-04-24
2026-04-27 19:41:34,886 [INFO]   Fetching page 1 for 9434...
2026-04-27 19:41:37,572 [INFO]   Fetching page 2 for 9434...
2026-04-27 19:41:37,970 [INFO]   Reached already synced data for 9434. Stopping.
2026-04-27 19:41:37,973 [INFO] Saved 1 records for 9434
2026-04-27 19:41:37,973 [INFO] Taking a deep breath (60s wait)...
2026-04-27 19:42:37,976 [INFO] [101/107] Processing 9468 (Unknown)
2026-04-27 19:42:37,979 [INFO] Syncing 9468: DB latest date is 2026-04-24
2026-04-27 19:42:37,979 [INFO]   Fetching page 1 for 9468...
2026-04-27 19:42:40,996 [INFO]   Fetching page 2 for 9468...
2026-04-27 19:42:41,238 [INFO]   Reached already synced data for 9468. Stopping.
2026-04-27 19:42:41,240 [INFO] Saved 1 records for 9468
2026-04-27 19:42:49,221 [INFO] [102/107] Processing 9501 (Unknown)
2026-04-27 19:42:49,222 [INFO] Syncing 9501: DB latest date is 2026-04-24
2026-04-27 19:42:49,222 [INFO]   Fetching page 1 for 9501...
2026-04-27 19:42:52,147 [INFO]   Fetching page 2 for 9501...
2026-04-27 19:42:52,390 [INFO]   Reached already synced data for 9501. Stopping.
2026-04-27 19:42:52,393 [INFO] Saved 1 records for 9501
2026-04-27 19:42:59,016 [INFO] [103/107] Processing 9502 (Unknown)
2026-04-27 19:42:59,017 [INFO] Syncing 9502: DB latest date is 2026-04-24
2026-04-27 19:42:59,018 [INFO]   Fetching page 1 for 9502...
2026-04-27 19:43:02,456 [INFO]   Fetching page 2 for 9502...
2026-04-27 19:43:02,747 [INFO]   Reached already synced data for 9502. Stopping.
2026-04-27 19:43:02,749 [INFO] Saved 1 records for 9502
2026-04-27 19:43:09,292 [INFO] [104/107] Processing 9513 (Unknown)
2026-04-27 19:43:09,294 [INFO] Syncing 9513: DB latest date is 2026-04-24
2026-04-27 19:43:09,294 [INFO]   Fetching page 1 for 9513...
2026-04-27 19:43:12,568 [INFO]   Fetching page 2 for 9513...
2026-04-27 19:43:13,157 [INFO]   Reached already synced data for 9513. Stopping.
2026-04-27 19:43:13,160 [INFO] Saved 1 records for 9513
2026-04-27 19:43:19,538 [INFO] [105/107] Processing 9551 (Unknown)
2026-04-27 19:43:19,540 [INFO] Syncing 9551: DB latest date is 2026-04-24
2026-04-27 19:43:19,540 [INFO]   Fetching page 1 for 9551...
2026-04-27 19:43:22,421 [INFO]   Fetching page 2 for 9551...
2026-04-27 19:43:22,713 [INFO]   Reached already synced data for 9551. Stopping.
2026-04-27 19:43:22,715 [INFO] Saved 1 records for 9551
2026-04-27 19:43:27,889 [INFO] [106/107] Processing 9602 (Unknown)
2026-04-27 19:43:27,890 [INFO] Syncing 9602: DB latest date is 2026-04-24
2026-04-27 19:43:27,890 [INFO]   Fetching page 1 for 9602...
2026-04-27 19:43:31,071 [INFO]   Fetching page 2 for 9602...
2026-04-27 19:43:31,260 [INFO]   Reached already synced data for 9602. Stopping.
2026-04-27 19:43:31,263 [INFO] Saved 1 records for 9602
2026-04-27 19:43:38,594 [INFO] [107/107] Processing 9684 (Unknown)
2026-04-27 19:43:38,596 [INFO] Syncing 9684: DB latest date is 2026-04-24
2026-04-27 19:43:38,596 [INFO]   Fetching page 1 for 9684...
2026-04-27 19:43:42,243 [INFO]   Fetching page 2 for 9684...
2026-04-27 19:43:42,456 [INFO]   Reached already synced data for 9684. Stopping.
2026-04-27 19:43:42,457 [INFO] Saved 1 records for 9684
2026-04-27 19:43:42,457 [INFO] Sync completed. Processed 107 stocks.
2026-04-28 22:22:13,618 [INFO] Database backup created: portfolio_history.db.sync_bak_20260428_222213
2026-04-28 22:22:13,619 [INFO] Cleaned up 114 potentially invalid records for 2026-04-27
